Release 14.7 Map P.20131013 (nt64)
Xilinx Mapping Report File for Design 'Extension'

Design Information
------------------
Command Line   : map -intstyle ise -p xa7a100t-csg324-2I -w -logic_opt off -ol
high -t 1 -xt 0 -register_duplication off -r 4 -mt off -ir off -pr off -lc off
-power off -o Extension_map.ncd Extension.ngd Extension.pcf 
Target Device  : xa7a100t
Target Package : csg324
Target Speed   : -2i
Mapper Version : aartix7 -- $Revision: 1.55 $
Mapped Date    : Sat Jun 26 18:54:55 2021

Design Summary
--------------
Number of errors   :   1
Number of warnings :   0

Section 1 - Errors
------------------
ERROR:Security:9c - No 'ISE' nor 'WebPack' feature version 2013.10 was available
for part 'xa7a100t'.
ERROR:Map:258 - A problem was encountered attempting to get the license for this
   architecture. 

Section 2 - Warnings
--------------------
WARNING:Security:43 - No license file was found in the standard Xilinx license
directory.
WARNING:Security:44 - Since no license file was found,

Section 3 - Informational
-------------------------
INFO:Security:50 - The XILINXD_LICENSE_FILE environment variable is set to
'C:\Users\ASUS\Desktop\ISE\xilinx_ise.lic'.
INFO:Security:53 - The LM_LICENSE_FILE environment variable is not set.
INFO:Security:54 - 'xa7a100t' is a WebPack part.
INFO:Security:68a - user is ASUS, on host LAPTOP-705E4FCS.
